build/app/outputs/mapping/release/mapping.txt
# compiler: R8
# compiler_version: 1.5.69
# min_api: 16
# pg_map_id: d5fe240
...
com.google.firebase.firestore.proto.MaybeDocument$Builder -> com.google.firebase.firestore.s0.a$b:
    com.google.firebase.firestore.proto.MaybeDocument$Builder setDocument(com.google.firestore.v1.Document) -> a
    com.google.firebase.firestore.proto.MaybeDocument$Builder setHasCommittedMutations(boolean) -> a
    com.google.firebase.firestore.proto.MaybeDocument$Builder setNoDocument(com.google.firebase.firestore.proto.NoDocument) -> a
    com.google.firebase.firestore.proto.MaybeDocument$Builder setUnknownDocument(com.google.firebase.firestore.proto.UnknownDocument) -> a
com.google.firebase.firestore.proto.MaybeDocument$DocumentTypeCase -> com.google.firebase.firestore.s0.a$c:
    com.google.firebase.firestore.proto.MaybeDocument$DocumentTypeCase DOCUMENTTYPE_NOT_SET -> e
    com.google.firebase.firestore.proto.MaybeDocument$DocumentTypeCase[] $VALUES -> f
    com.google.firebase.firestore.proto.MaybeDocument$DocumentTypeCase DOCUMENT -> c
    com.google.firebase.firestore.proto.MaybeDocument$DocumentTypeCase UNKNOWN_DOCUMENT -> d
    com.google.firebase.firestore.proto.MaybeDocument$DocumentTypeCase NO_DOCUMENT -> b
    int value -> a
    com.google.firebase.firestore.proto.MaybeDocument$DocumentTypeCase forNumber(int) -> a
    int getNumber() -> a
com.google.firebase.firestore.proto.MaybeDocumentOrBuilder -> com.google.firebase.firestore.s0.b:
com.google.firebase.firestore.proto.NoDocument -> com.google.firebase.firestore.s0.c:
    com.google.protobuf.Timestamp readTime_ -> e
    com.google.protobuf.Parser PARSER -> g
    com.google.firebase.firestore.proto.NoDocument DEFAULT_INSTANCE -> f
    java.lang.String name_ -> d
    void access$100(com.google.firebase.firestore.proto.NoDocument,java.lang.String) -> a
    void access$400(com.google.firebase.firestore.proto.NoDocument,com.google.protobuf.Timestamp) -> a
    java.lang.Object dynamicMethod(com.google.protobuf.GeneratedMessageLite$MethodToInvoke,java.lang.Object,java.lang.Object) -> a
    void setName(java.lang.String) -> a
    void setReadTime(com.google.protobuf.Timestamp) -> a
    void writeTo(com.google.protobuf.CodedOutputStream) -> a
    int getSerializedSize() -> d
    java.lang.String getName() -> l
    com.google.protobuf.Timestamp getReadTime() -> m
    com.google.firebase.firestore.proto.NoDocument access$000() -> n
    com.google.firebase.firestore.proto.NoDocument getDefaultInstance() -> o
    com.google.firebase.firestore.proto.NoDocument$Builder newBuilder() -> p
    com.google.protobuf.Parser parser() -> q
com.google.firebase.firestore.proto.NoDocument$1 -> com.google.firebase.firestore.s0.c$a:
    int[] $SwitchMap$com$google$protobuf$GeneratedMessageLite$MethodToInvoke -> a
com.google.firebase.firestore.proto.NoDocument$Builder -> com.google.firebase.firestore.s0.c$b:
    com.google.firebase.firestore.proto.NoDocument$Builder setName(java.lang.String) -> a
    com.google.firebase.firestore.proto.NoDocument$Builder setReadTime(com.google.protobuf.Timestamp) -> a
com.google.firebase.firestore.proto.NoDocumentOrBuilder -> com.google.firebase.firestore.s0.d: